Using pre-set license
Built from '2020.3/staging' branch; Version is '2020.3.0f1 (c7b5465681fb) revision 13088070'; Using compiler version '192528614'; Build Type 'Release'
OS: 'Windows 10 Education; OS build 19043.899; Version 2009; 64bit' Language: 'tr' Physical Memory: 16318 MB
BatchMode: 1, IsHumanControllingUs: 0, StartBugReporterOnCrash: 0, Is64bit: 1, IsPro: 0

 COMMAND LINE ARGUMENTS:
C:\Program Files\Unity\Hub\Editor\2020.3.0f1\Editor\Unity.exe
-adb2
-batchMode
-noUpm
-name
AssetImportWorker0
-projectPath
D:/EmoUnityProjects/Udemy3DCourses/Realm Rush
-logFile
Logs/AssetImportWorker0.log
-srvPort
50540
Successfully changed project path to: D:/EmoUnityProjects/Udemy3DCourses/Realm Rush
D:/EmoUnityProjects/Udemy3DCourses/Realm Rush
Using Asset Import Pipeline V2.
Refreshing native plugins compatible for Editor in 18.01 ms, found 0 plugins.
Preloading 0 native plugins for Editor in 0.00 ms.
Initialize engine version: 2020.3.0f1 (c7b5465681fb)
[Subsystems] Discovering subsystems at path C:/Program Files/Unity/Hub/Editor/2020.3.0f1/Editor/Data/Resources/UnitySubsystems
[Subsystems] Discovering subsystems at path D:/EmoUnityProjects/Udemy3DCourses/Realm Rush/Assets
GfxDevice: creating device client; threaded=0
Direct3D:
    Version:  Direct3D 11.0 [level 11.1]
    Renderer: Radeon RX 580 Series (ID=0x67df)
    Vendor:   
    VRAM:     4075 MB
    Driver:   27.20.14537.1001
Initialize mono
Mono path[0] = 'C:/Program Files/Unity/Hub/Editor/2020.3.0f1/Editor/Data/Managed'
Mono path[1] = 'C:/Program Files/Unity/Hub/Editor/2020.3.0f1/Editor/Data/MonoBleedingEdge/lib/mono/unityjit'
Mono config path = 'C:/Program Files/Unity/Hub/Editor/2020.3.0f1/Editor/Data/MonoBleedingEdge/etc'
Using monoOptions --debugger-agent=transport=dt_socket,embedding=1,server=y,suspend=n,address=127.0.0.1:56528
Begin MonoManager ReloadAssembly
Registering precompiled unity dll's ...
Register platform support module: C:/Program Files/Unity/Hub/Editor/2020.3.0f1/Editor/Data/PlaybackEngines/WebGLSupport/UnityEditor.WebGL.Extensions.dll
Register platform support module: C:/Program Files/Unity/Hub/Editor/2020.3.0f1/Editor/Data/PlaybackEngines/WindowsStandaloneSupport/UnityEditor.WindowsStandalone.Extensions.dll
Registered in 0.001682 seconds.
Native extension for WindowsStandalone target not found
Native extension for WebGL target not found
Refreshing native plugins compatible for Editor in 17.92 ms, found 0 plugins.
Preloading 0 native plugins for Editor in 0.00 ms.
Invoked RoslynAnalysisRunner static constructor.
RoslynAnalysisRunner will not be running.
RoslynAnalysisRunner has terminated.
Mono: successfully reloaded assembly
- Completed reload, in  1.383 seconds
Platform modules already initialized, skipping
Registering precompiled user dll's ...
Registered in 0.000335 seconds.
Begin MonoManager ReloadAssembly
Native extension for WindowsStandalone target not found
Native extension for WebGL target not found
Refreshing native plugins compatible for Editor in 0.18 ms, found 0 plugins.
Preloading 0 native plugins for Editor in 0.00 ms.
Invoked RoslynAnalysisRunner static constructor.
RoslynAnalysisRunner will not be running.
RoslynAnalysisRunner has terminated.
Mono: successfully reloaded assembly
- Completed reload, in  0.587 seconds
Platform modules already initialized, skipping
========================================================================
Worker process is ready to serve import requests
Launched and connected shader compiler UnityShaderCompiler.exe after 0.03 seconds
Refreshing native plugins compatible for Editor in 0.18 ms, found 0 plugins.
Preloading 0 native plugins for Editor in 0.00 ms.
Unloading 1135 Unused Serialized files (Serialized files now loaded: 0)
System memory in use before: 59.6 MB.
System memory in use after: 59.7 MB.

Unloading 10 unused Assets to reduce memory usage. Loaded Objects now: 1578.
Total: 1.394200 ms (FindLiveObjects: 0.113600 ms CreateObjectMapping: 0.043200 ms MarkObjects: 1.182300 ms  DeleteObjects: 0.054600 ms)

========================================================================
Received Import Request.
  path: Assets/Editor
  artifactKey: Guid(468891f61b238e24681c043f0f77520e) Importer(815301076,1909f56bfc062723c751e8b465ee728b)
Start importing Assets/Editor using Guid(468891f61b238e24681c043f0f77520e) Importer(815301076,1909f56bfc062723c751e8b465ee728b)  -> (artifact id: '71a53f30e8585abb0e0653748f9482a3') in 0.005404 seconds
  Import took 0.036318 seconds .

========================================================================
Received Prepare
Registering precompiled user dll's ...
Registered in 0.000295 seconds.
Begin MonoManager ReloadAssembly
Native extension for WindowsStandalone target not found
Native extension for WebGL target not found
Refreshing native plugins compatible for Editor in 0.18 ms, found 0 plugins.
Preloading 0 native plugins for Editor in 0.00 ms.
Invoked RoslynAnalysisRunner static constructor.
RoslynAnalysisRunner will not be running.
RoslynAnalysisRunner has terminated.
Mono: successfully reloaded assembly
- Completed reload, in  0.552 seconds
Platform modules already initialized, skipping
Refreshing native plugins compatible for Editor in 0.18 ms, found 0 plugins.
Preloading 0 native plugins for Editor in 0.00 ms.
Unloading 1117 Unused Serialized files (Serialized files now loaded: 0)
System memory in use before: 58.6 MB.
System memory in use after: 58.6 MB.

Unloading 5 unused Assets to reduce memory usage. Loaded Objects now: 1581.
Total: 1.686000 ms (FindLiveObjects: 0.192400 ms CreateObjectMapping: 0.035500 ms MarkObjects: 1.418900 ms  DeleteObjects: 0.037200 ms)

========================================================================
Received Prepare
Refreshing native plugins compatible for Editor in 0.47 ms, found 0 plugins.
Preloading 0 native plugins for Editor in 0.00 ms.
Unloading 3 Unused Serialized files (Serialized files now loaded: 0)
System memory in use before: 36.5 MB.
System memory in use after: 36.6 MB.

Unloading 3 unused Assets to reduce memory usage. Loaded Objects now: 1581.
Total: 1.684900 ms (FindLiveObjects: 0.386800 ms CreateObjectMapping: 0.051300 ms MarkObjects: 1.199000 ms  DeleteObjects: 0.045600 ms)

========================================================================
Received Prepare
Registering precompiled user dll's ...
Registered in 0.000286 seconds.
Begin MonoManager ReloadAssembly
Native extension for WindowsStandalone target not found
Native extension for WebGL target not found
Refreshing native plugins compatible for Editor in 0.19 ms, found 0 plugins.
Preloading 0 native plugins for Editor in 0.00 ms.
Invoked RoslynAnalysisRunner static constructor.
RoslynAnalysisRunner will not be running.
RoslynAnalysisRunner has terminated.
Mono: successfully reloaded assembly
- Completed reload, in  0.556 seconds
Platform modules already initialized, skipping
Refreshing native plugins compatible for Editor in 0.18 ms, found 0 plugins.
Preloading 0 native plugins for Editor in 0.00 ms.
Unloading 1117 Unused Serialized files (Serialized files now loaded: 0)
System memory in use before: 58.6 MB.
System memory in use after: 58.7 MB.

Unloading 5 unused Assets to reduce memory usage. Loaded Objects now: 1584.
Total: 1.409500 ms (FindLiveObjects: 0.132600 ms CreateObjectMapping: 0.027200 ms MarkObjects: 1.210900 ms  DeleteObjects: 0.037600 ms)

========================================================================
Received Prepare
Registering precompiled user dll's ...
Registered in 0.000322 seconds.
Begin MonoManager ReloadAssembly
Native extension for WindowsStandalone target not found
Native extension for WebGL target not found
Refreshing native plugins compatible for Editor in 0.19 ms, found 0 plugins.
Preloading 0 native plugins for Editor in 0.00 ms.
Invoked RoslynAnalysisRunner static constructor.
RoslynAnalysisRunner will not be running.
RoslynAnalysisRunner has terminated.
Mono: successfully reloaded assembly
- Completed reload, in  0.558 seconds
Platform modules already initialized, skipping
Refreshing native plugins compatible for Editor in 0.17 ms, found 0 plugins.
Preloading 0 native plugins for Editor in 0.00 ms.
Unloading 1117 Unused Serialized files (Serialized files now loaded: 0)
System memory in use before: 58.6 MB.
System memory in use after: 58.7 MB.

Unloading 5 unused Assets to reduce memory usage. Loaded Objects now: 1587.
Total: 1.729700 ms (FindLiveObjects: 0.304500 ms CreateObjectMapping: 0.070200 ms MarkObjects: 1.294300 ms  DeleteObjects: 0.058600 ms)

========================================================================
Received Prepare
Registering precompiled user dll's ...
Registered in 0.000599 seconds.
Begin MonoManager ReloadAssembly
Native extension for WindowsStandalone target not found
Native extension for WebGL target not found
Refreshing native plugins compatible for Editor in 0.20 ms, found 0 plugins.
Preloading 0 native plugins for Editor in 0.00 ms.
Invoked RoslynAnalysisRunner static constructor.
RoslynAnalysisRunner will not be running.
RoslynAnalysisRunner has terminated.
Mono: successfully reloaded assembly
- Completed reload, in  0.548 seconds
Platform modules already initialized, skipping
Refreshing native plugins compatible for Editor in 0.18 ms, found 0 plugins.
Preloading 0 native plugins for Editor in 0.00 ms.
Unloading 1117 Unused Serialized files (Serialized files now loaded: 0)
System memory in use before: 58.6 MB.
System memory in use after: 58.7 MB.

Unloading 5 unused Assets to reduce memory usage. Loaded Objects now: 1590.
Total: 1.314800 ms (FindLiveObjects: 0.194100 ms CreateObjectMapping: 0.036600 ms MarkObjects: 1.041900 ms  DeleteObjects: 0.041200 ms)

========================================================================
Received Prepare
Registering precompiled user dll's ...
Registered in 0.000319 seconds.
Begin MonoManager ReloadAssembly
Native extension for WindowsStandalone target not found
Native extension for WebGL target not found
Refreshing native plugins compatible for Editor in 0.19 ms, found 0 plugins.
Preloading 0 native plugins for Editor in 0.00 ms.
Invoked RoslynAnalysisRunner static constructor.
RoslynAnalysisRunner will not be running.
RoslynAnalysisRunner has terminated.
Mono: successfully reloaded assembly
- Completed reload, in  0.564 seconds
Platform modules already initialized, skipping
Refreshing native plugins compatible for Editor in 0.18 ms, found 0 plugins.
Preloading 0 native plugins for Editor in 0.00 ms.
Unloading 1117 Unused Serialized files (Serialized files now loaded: 0)
System memory in use before: 58.6 MB.
System memory in use after: 58.7 MB.

Unloading 5 unused Assets to reduce memory usage. Loaded Objects now: 1593.
Total: 1.362200 ms (FindLiveObjects: 0.170800 ms CreateObjectMapping: 0.034700 ms MarkObjects: 1.112600 ms  DeleteObjects: 0.043100 ms)

========================================================================
Received Prepare
Registering precompiled user dll's ...
Registered in 0.000278 seconds.
Begin MonoManager ReloadAssembly
Native extension for WindowsStandalone target not found
Native extension for WebGL target not found
Refreshing native plugins compatible for Editor in 0.19 ms, found 0 plugins.
Preloading 0 native plugins for Editor in 0.00 ms.
Invoked RoslynAnalysisRunner static constructor.
RoslynAnalysisRunner will not be running.
RoslynAnalysisRunner has terminated.
Mono: successfully reloaded assembly
- Completed reload, in  0.572 seconds
Platform modules already initialized, skipping
Refreshing native plugins compatible for Editor in 0.29 ms, found 0 plugins.
Preloading 0 native plugins for Editor in 0.00 ms.
Unloading 1117 Unused Serialized files (Serialized files now loaded: 0)
System memory in use before: 58.6 MB.
System memory in use after: 58.7 MB.

Unloading 5 unused Assets to reduce memory usage. Loaded Objects now: 1596.
Total: 1.559500 ms (FindLiveObjects: 0.136800 ms CreateObjectMapping: 0.025600 ms MarkObjects: 1.321600 ms  DeleteObjects: 0.074600 ms)

========================================================================
Received Prepare
Refreshing native plugins compatible for Editor in 0.54 ms, found 0 plugins.
Preloading 0 native plugins for Editor in 0.00 ms.
Unloading 3 Unused Serialized files (Serialized files now loaded: 0)
System memory in use before: 36.5 MB.
System memory in use after: 36.6 MB.

Unloading 3 unused Assets to reduce memory usage. Loaded Objects now: 1596.
Total: 1.471700 ms (FindLiveObjects: 0.133000 ms CreateObjectMapping: 0.036300 ms MarkObjects: 1.257000 ms  DeleteObjects: 0.044300 ms)

========================================================================
Received Prepare
Refreshing native plugins compatible for Editor in 0.41 ms, found 0 plugins.
Preloading 0 native plugins for Editor in 0.00 ms.
Unloading 3 Unused Serialized files (Serialized files now loaded: 0)
System memory in use before: 36.5 MB.
System memory in use after: 36.6 MB.

Unloading 3 unused Assets to reduce memory usage. Loaded Objects now: 1596.
Total: 1.572800 ms (FindLiveObjects: 0.146100 ms CreateObjectMapping: 0.071100 ms MarkObjects: 1.311300 ms  DeleteObjects: 0.043200 ms)

========================================================================
Received Import Request.
  Time since last request: 3145.304058 seconds.
  path: Assets/Tile/Waypoint.cs
  artifactKey: Guid(1c5e73f162472cc4798a3d4698fb3b7d) Importer(815301076,1909f56bfc062723c751e8b465ee728b)
Start importing Assets/Tile/Waypoint.cs using Guid(1c5e73f162472cc4798a3d4698fb3b7d) Importer(815301076,1909f56bfc062723c751e8b465ee728b)  -> (artifact id: 'd993740de4ae2f6e3ee40d9ed70b2792') in 0.023283 seconds
  Import took 0.407826 seconds .

========================================================================
Received Prepare
Registering precompiled user dll's ...
Registered in 0.000295 seconds.
Begin MonoManager ReloadAssembly
Native extension for WindowsStandalone target not found
Native extension for WebGL target not found
Refreshing native plugins compatible for Editor in 0.19 ms, found 0 plugins.
Preloading 0 native plugins for Editor in 0.00 ms.
Invoked RoslynAnalysisRunner static constructor.
RoslynAnalysisRunner will not be running.
RoslynAnalysisRunner has terminated.
Mono: successfully reloaded assembly
- Completed reload, in  0.557 seconds
Platform modules already initialized, skipping
Refreshing native plugins compatible for Editor in 0.17 ms, found 0 plugins.
Preloading 0 native plugins for Editor in 0.00 ms.
Unloading 1117 Unused Serialized files (Serialized files now loaded: 0)
System memory in use before: 58.6 MB.
System memory in use after: 58.7 MB.

Unloading 5 unused Assets to reduce memory usage. Loaded Objects now: 1599.
Total: 1.389800 ms (FindLiveObjects: 0.196000 ms CreateObjectMapping: 0.034400 ms MarkObjects: 1.118800 ms  DeleteObjects: 0.038800 ms)

========================================================================
Received Prepare
Registering precompiled user dll's ...
Registered in 0.000363 seconds.
Begin MonoManager ReloadAssembly
Native extension for WindowsStandalone target not found
Native extension for WebGL target not found
Refreshing native plugins compatible for Editor in 0.22 ms, found 0 plugins.
Preloading 0 native plugins for Editor in 0.00 ms.
Invoked RoslynAnalysisRunner static constructor.
RoslynAnalysisRunner will not be running.
RoslynAnalysisRunner has terminated.
Mono: successfully reloaded assembly
- Completed reload, in  0.714 seconds
Platform modules already initialized, skipping
Refreshing native plugins compatible for Editor in 0.19 ms, found 0 plugins.
Preloading 0 native plugins for Editor in 0.00 ms.
Unloading 1117 Unused Serialized files (Serialized files now loaded: 0)
System memory in use before: 58.6 MB.
System memory in use after: 58.7 MB.

Unloading 5 unused Assets to reduce memory usage. Loaded Objects now: 1602.
Total: 1.657700 ms (FindLiveObjects: 0.261300 ms CreateObjectMapping: 0.045400 ms MarkObjects: 1.300900 ms  DeleteObjects: 0.048400 ms)

========================================================================
Received Prepare
Refreshing native plugins compatible for Editor in 0.47 ms, found 0 plugins.
Preloading 0 native plugins for Editor in 0.00 ms.
Unloading 3 Unused Serialized files (Serialized files now loaded: 0)
System memory in use before: 36.5 MB.
System memory in use after: 36.6 MB.

Unloading 3 unused Assets to reduce memory usage. Loaded Objects now: 1602.
Total: 1.731100 ms (FindLiveObjects: 0.237300 ms CreateObjectMapping: 0.052600 ms MarkObjects: 1.391300 ms  DeleteObjects: 0.048100 ms)

========================================================================
Received Import Request.
  Time since last request: 373.573102 seconds.
  path: Assets/Tower/Ballista.prefab
  artifactKey: Guid(8a965e088bae16643aab3d07ccfd5e2e) Importer(815301076,1909f56bfc062723c751e8b465ee728b)
Start importing Assets/Tower/Ballista.prefab using Guid(8a965e088bae16643aab3d07ccfd5e2e) Importer(815301076,1909f56bfc062723c751e8b465ee728b)  -> (artifact id: 'cd1ba4cbc35d5ad1c1744eb0ed8d766f') in 0.075331 seconds
  Import took 0.077273 seconds .

========================================================================
Received Import Request.
  Time since last request: 8.913975 seconds.
  path: Assets/Tower/Ballista.prefab
  artifactKey: Guid(8a965e088bae16643aab3d07ccfd5e2e) Importer(815301076,1909f56bfc062723c751e8b465ee728b)
Start importing Assets/Tower/Ballista.prefab using Guid(8a965e088bae16643aab3d07ccfd5e2e) Importer(815301076,1909f56bfc062723c751e8b465ee728b)  -> (artifact id: '02955438a2bc023d46ed05ad0ae986f4') in 0.007736 seconds
  Import took 0.009569 seconds .

========================================================================
Received Import Request.
  Time since last request: 25.801312 seconds.
  path: Assets/Tower/Ballista.prefab
  artifactKey: Guid(8a965e088bae16643aab3d07ccfd5e2e) Importer(815301076,1909f56bfc062723c751e8b465ee728b)
Start importing Assets/Tower/Ballista.prefab using Guid(8a965e088bae16643aab3d07ccfd5e2e) Importer(815301076,1909f56bfc062723c751e8b465ee728b)  -> (artifact id: '9b8f743dd47c2c14818dcd4b4062d215') in 0.006850 seconds
  Import took 0.008719 seconds .

========================================================================
Received Prepare
Registering precompiled user dll's ...
Registered in 0.000286 seconds.
Begin MonoManager ReloadAssembly
Native extension for WindowsStandalone target not found
Native extension for WebGL target not found
Refreshing native plugins compatible for Editor in 0.20 ms, found 0 plugins.
Preloading 0 native plugins for Editor in 0.00 ms.
Invoked RoslynAnalysisRunner static constructor.
RoslynAnalysisRunner will not be running.
RoslynAnalysisRunner has terminated.
Mono: successfully reloaded assembly
- Completed reload, in  0.549 seconds
Platform modules already initialized, skipping
Refreshing native plugins compatible for Editor in 0.17 ms, found 0 plugins.
Preloading 0 native plugins for Editor in 0.00 ms.
Unloading 1117 Unused Serialized files (Serialized files now loaded: 0)
System memory in use before: 61.8 MB.
System memory in use after: 61.8 MB.

Unloading 5 unused Assets to reduce memory usage. Loaded Objects now: 1612.
Total: 1.421600 ms (FindLiveObjects: 0.115700 ms CreateObjectMapping: 0.025300 ms MarkObjects: 1.246700 ms  DeleteObjects: 0.032800 ms)

========================================================================
Received Prepare
Registering precompiled user dll's ...
Registered in 0.000323 seconds.
Begin MonoManager ReloadAssembly
Native extension for WindowsStandalone target not found
Native extension for WebGL target not found
Refreshing native plugins compatible for Editor in 0.18 ms, found 0 plugins.
Preloading 0 native plugins for Editor in 0.00 ms.
Invoked RoslynAnalysisRunner static constructor.
RoslynAnalysisRunner will not be running.
RoslynAnalysisRunner has terminated.
Mono: successfully reloaded assembly
- Completed reload, in  0.548 seconds
Platform modules already initialized, skipping
Refreshing native plugins compatible for Editor in 0.17 ms, found 0 plugins.
Preloading 0 native plugins for Editor in 0.00 ms.
Unloading 1117 Unused Serialized files (Serialized files now loaded: 0)
System memory in use before: 61.8 MB.
System memory in use after: 61.8 MB.

Unloading 5 unused Assets to reduce memory usage. Loaded Objects now: 1615.
Total: 1.397500 ms (FindLiveObjects: 0.105800 ms CreateObjectMapping: 0.030300 ms MarkObjects: 1.225900 ms  DeleteObjects: 0.034500 ms)

========================================================================
Received Prepare
Registering precompiled user dll's ...
Registered in 0.000302 seconds.
Begin MonoManager ReloadAssembly
Native extension for WindowsStandalone target not found
Native extension for WebGL target not found
Refreshing native plugins compatible for Editor in 0.19 ms, found 0 plugins.
Preloading 0 native plugins for Editor in 0.00 ms.
Invoked RoslynAnalysisRunner static constructor.
RoslynAnalysisRunner will not be running.
RoslynAnalysisRunner has terminated.
Mono: successfully reloaded assembly
- Completed reload, in  0.566 seconds
Platform modules already initialized, skipping
Refreshing native plugins compatible for Editor in 0.18 ms, found 0 plugins.
Preloading 0 native plugins for Editor in 0.00 ms.
Unloading 1117 Unused Serialized files (Serialized files now loaded: 0)
System memory in use before: 61.8 MB.
System memory in use after: 61.9 MB.

Unloading 5 unused Assets to reduce memory usage. Loaded Objects now: 1618.
Total: 1.429400 ms (FindLiveObjects: 0.137600 ms CreateObjectMapping: 0.035500 ms MarkObjects: 1.217700 ms  DeleteObjects: 0.038000 ms)

========================================================================
Received Prepare
Registering precompiled user dll's ...
Registered in 0.000302 seconds.
Begin MonoManager ReloadAssembly
Native extension for WindowsStandalone target not found
Native extension for WebGL target not found
Refreshing native plugins compatible for Editor in 0.19 ms, found 0 plugins.
Preloading 0 native plugins for Editor in 0.00 ms.
Invoked RoslynAnalysisRunner static constructor.
RoslynAnalysisRunner will not be running.
RoslynAnalysisRunner has terminated.
Mono: successfully reloaded assembly
- Completed reload, in  0.546 seconds
Platform modules already initialized, skipping
Refreshing native plugins compatible for Editor in 0.18 ms, found 0 plugins.
Preloading 0 native plugins for Editor in 0.00 ms.
Unloading 1117 Unused Serialized files (Serialized files now loaded: 0)
System memory in use before: 61.8 MB.
System memory in use after: 61.9 MB.

Unloading 5 unused Assets to reduce memory usage. Loaded Objects now: 1621.
Total: 1.390100 ms (FindLiveObjects: 0.109900 ms CreateObjectMapping: 0.028400 ms MarkObjects: 1.212500 ms  DeleteObjects: 0.038700 ms)

========================================================================
Received Prepare
Registering precompiled user dll's ...
Registered in 0.000287 seconds.
Begin MonoManager ReloadAssembly
Native extension for WindowsStandalone target not found
Native extension for WebGL target not found
Refreshing native plugins compatible for Editor in 0.18 ms, found 0 plugins.
Preloading 0 native plugins for Editor in 0.00 ms.
Invoked RoslynAnalysisRunner static constructor.
RoslynAnalysisRunner will not be running.
RoslynAnalysisRunner has terminated.
Mono: successfully reloaded assembly
- Completed reload, in  0.549 seconds
Platform modules already initialized, skipping
Refreshing native plugins compatible for Editor in 0.18 ms, found 0 plugins.
Preloading 0 native plugins for Editor in 0.00 ms.
Unloading 1117 Unused Serialized files (Serialized files now loaded: 0)
System memory in use before: 61.8 MB.
System memory in use after: 61.9 MB.

Unloading 5 unused Assets to reduce memory usage. Loaded Objects now: 1624.
Total: 1.509000 ms (FindLiveObjects: 0.214500 ms CreateObjectMapping: 0.035300 ms MarkObjects: 1.219700 ms  DeleteObjects: 0.038100 ms)

========================================================================
Received Prepare
Registering precompiled user dll's ...
Registered in 0.000300 seconds.
Begin MonoManager ReloadAssembly
Native extension for WindowsStandalone target not found
Native extension for WebGL target not found
Refreshing native plugins compatible for Editor in 0.19 ms, found 0 plugins.
Preloading 0 native plugins for Editor in 0.00 ms.
Invoked RoslynAnalysisRunner static constructor.
RoslynAnalysisRunner will not be running.
RoslynAnalysisRunner has terminated.
Mono: successfully reloaded assembly
- Completed reload, in  0.546 seconds
Platform modules already initialized, skipping
Refreshing native plugins compatible for Editor in 0.18 ms, found 0 plugins.
Preloading 0 native plugins for Editor in 0.00 ms.
Unloading 1117 Unused Serialized files (Serialized files now loaded: 0)
System memory in use before: 61.8 MB.
System memory in use after: 61.9 MB.

Unloading 5 unused Assets to reduce memory usage. Loaded Objects now: 1627.
Total: 1.369100 ms (FindLiveObjects: 0.187200 ms CreateObjectMapping: 0.042900 ms MarkObjects: 1.100100 ms  DeleteObjects: 0.037900 ms)

========================================================================
Received Prepare
Refreshing native plugins compatible for Editor in 0.49 ms, found 0 plugins.
Preloading 0 native plugins for Editor in 0.00 ms.
Unloading 3 Unused Serialized files (Serialized files now loaded: 0)
System memory in use before: 39.7 MB.
System memory in use after: 39.8 MB.

Unloading 3 unused Assets to reduce memory usage. Loaded Objects now: 1627.
Total: 1.525100 ms (FindLiveObjects: 0.156300 ms CreateObjectMapping: 0.039800 ms MarkObjects: 1.284900 ms  DeleteObjects: 0.043200 ms)

========================================================================
Received Prepare
Registering precompiled user dll's ...
Registered in 0.000284 seconds.
Begin MonoManager ReloadAssembly
Native extension for WindowsStandalone target not found
Native extension for WebGL target not found
Refreshing native plugins compatible for Editor in 0.19 ms, found 0 plugins.
Preloading 0 native plugins for Editor in 0.00 ms.
Invoked RoslynAnalysisRunner static constructor.
RoslynAnalysisRunner will not be running.
RoslynAnalysisRunner has terminated.
Mono: successfully reloaded assembly
- Completed reload, in  0.555 seconds
Platform modules already initialized, skipping
Refreshing native plugins compatible for Editor in 0.21 ms, found 0 plugins.
Preloading 0 native plugins for Editor in 0.00 ms.
Unloading 1117 Unused Serialized files (Serialized files now loaded: 0)
System memory in use before: 61.8 MB.
System memory in use after: 61.9 MB.

Unloading 5 unused Assets to reduce memory usage. Loaded Objects now: 1630.
Total: 1.309500 ms (FindLiveObjects: 0.123900 ms CreateObjectMapping: 0.033000 ms MarkObjects: 1.111000 ms  DeleteObjects: 0.040900 ms)

========================================================================
Received Prepare
Registering precompiled user dll's ...
Registered in 0.000351 seconds.
Begin MonoManager ReloadAssembly
Native extension for WindowsStandalone target not found
Native extension for WebGL target not found
Refreshing native plugins compatible for Editor in 0.19 ms, found 0 plugins.
Preloading 0 native plugins for Editor in 0.00 ms.
Invoked RoslynAnalysisRunner static constructor.
RoslynAnalysisRunner will not be running.
RoslynAnalysisRunner has terminated.
Mono: successfully reloaded assembly
- Completed reload, in  0.556 seconds
Platform modules already initialized, skipping
Refreshing native plugins compatible for Editor in 0.19 ms, found 0 plugins.
Preloading 0 native plugins for Editor in 0.00 ms.
Unloading 1117 Unused Serialized files (Serialized files now loaded: 0)
System memory in use before: 61.8 MB.
System memory in use after: 61.9 MB.

Unloading 5 unused Assets to reduce memory usage. Loaded Objects now: 1633.
Total: 1.388100 ms (FindLiveObjects: 0.150500 ms CreateObjectMapping: 0.040300 ms MarkObjects: 1.155900 ms  DeleteObjects: 0.040600 ms)

========================================================================
Received Prepare
Registering precompiled user dll's ...
Registered in 0.000305 seconds.
Begin MonoManager ReloadAssembly
Native extension for WindowsStandalone target not found
Native extension for WebGL target not found
Refreshing native plugins compatible for Editor in 0.19 ms, found 0 plugins.
Preloading 0 native plugins for Editor in 0.00 ms.
Invoked RoslynAnalysisRunner static constructor.
RoslynAnalysisRunner will not be running.
RoslynAnalysisRunner has terminated.
Mono: successfully reloaded assembly
- Completed reload, in  0.549 seconds
Platform modules already initialized, skipping
Refreshing native plugins compatible for Editor in 0.20 ms, found 0 plugins.
Preloading 0 native plugins for Editor in 0.00 ms.
Unloading 1117 Unused Serialized files (Serialized files now loaded: 0)
System memory in use before: 61.8 MB.
System memory in use after: 61.9 MB.

Unloading 5 unused Assets to reduce memory usage. Loaded Objects now: 1636.
Total: 1.446000 ms (FindLiveObjects: 0.137800 ms CreateObjectMapping: 0.038900 ms MarkObjects: 1.231900 ms  DeleteObjects: 0.036500 ms)

========================================================================
Received Prepare
Registering precompiled user dll's ...
Registered in 0.000282 seconds.
Begin MonoManager ReloadAssembly
Native extension for WindowsStandalone target not found
Native extension for WebGL target not found
Refreshing native plugins compatible for Editor in 0.18 ms, found 0 plugins.
Preloading 0 native plugins for Editor in 0.00 ms.
Invoked RoslynAnalysisRunner static constructor.
RoslynAnalysisRunner will not be running.
RoslynAnalysisRunner has terminated.
Mono: successfully reloaded assembly
- Completed reload, in  0.552 seconds
Platform modules already initialized, skipping
Refreshing native plugins compatible for Editor in 0.24 ms, found 0 plugins.
Preloading 0 native plugins for Editor in 0.00 ms.
Unloading 1117 Unused Serialized files (Serialized files now loaded: 0)
System memory in use before: 61.8 MB.
System memory in use after: 61.9 MB.

Unloading 5 unused Assets to reduce memory usage. Loaded Objects now: 1639.
Total: 1.391400 ms (FindLiveObjects: 0.211500 ms CreateObjectMapping: 0.035400 ms MarkObjects: 1.098500 ms  DeleteObjects: 0.044600 ms)

========================================================================
Received Prepare
Registering precompiled user dll's ...
Registered in 0.000288 seconds.
Begin MonoManager ReloadAssembly
Native extension for WindowsStandalone target not found
Native extension for WebGL target not found
Refreshing native plugins compatible for Editor in 0.20 ms, found 0 plugins.
Preloading 0 native plugins for Editor in 0.00 ms.
Invoked RoslynAnalysisRunner static constructor.
RoslynAnalysisRunner will not be running.
RoslynAnalysisRunner has terminated.
Mono: successfully reloaded assembly
- Completed reload, in  0.550 seconds
Platform modules already initialized, skipping
Refreshing native plugins compatible for Editor in 0.17 ms, found 0 plugins.
Preloading 0 native plugins for Editor in 0.00 ms.
Unloading 1117 Unused Serialized files (Serialized files now loaded: 0)
System memory in use before: 61.8 MB.
System memory in use after: 61.9 MB.

Unloading 5 unused Assets to reduce memory usage. Loaded Objects now: 1642.
Total: 1.382400 ms (FindLiveObjects: 0.210700 ms CreateObjectMapping: 0.040000 ms MarkObjects: 1.094200 ms  DeleteObjects: 0.036400 ms)

========================================================================
Received Prepare
Refreshing native plugins compatible for Editor in 0.49 ms, found 0 plugins.
Preloading 0 native plugins for Editor in 0.00 ms.
Unloading 3 Unused Serialized files (Serialized files now loaded: 0)
System memory in use before: 39.7 MB.
System memory in use after: 39.8 MB.

Unloading 3 unused Assets to reduce memory usage. Loaded Objects now: 1642.
Total: 1.456800 ms (FindLiveObjects: 0.208300 ms CreateObjectMapping: 0.034400 ms MarkObjects: 1.171300 ms  DeleteObjects: 0.040800 ms)

========================================================================
Received Prepare
Registering precompiled user dll's ...
Registered in 0.000313 seconds.
Begin MonoManager ReloadAssembly
Native extension for WindowsStandalone target not found
Native extension for WebGL target not found
Refreshing native plugins compatible for Editor in 0.18 ms, found 0 plugins.
Preloading 0 native plugins for Editor in 0.00 ms.
Invoked RoslynAnalysisRunner static constructor.
RoslynAnalysisRunner will not be running.
RoslynAnalysisRunner has terminated.
Mono: successfully reloaded assembly
- Completed reload, in  0.549 seconds
Platform modules already initialized, skipping
Refreshing native plugins compatible for Editor in 0.19 ms, found 0 plugins.
Preloading 0 native plugins for Editor in 0.00 ms.
Unloading 1117 Unused Serialized files (Serialized files now loaded: 0)
System memory in use before: 61.8 MB.
System memory in use after: 61.9 MB.

Unloading 5 unused Assets to reduce memory usage. Loaded Objects now: 1645.
Total: 1.794300 ms (FindLiveObjects: 0.384000 ms CreateObjectMapping: 0.147000 ms MarkObjects: 1.220700 ms  DeleteObjects: 0.041500 ms)

========================================================================
Received Import Request.
  Time since last request: 1239.904609 seconds.
  path: Assets/Environment/Environment.prefab
  artifactKey: Guid(f67e96d2f019f80448a254128a4dafe4) Importer(815301076,1909f56bfc062723c751e8b465ee728b)
Start importing Assets/Environment/Environment.prefab using Guid(f67e96d2f019f80448a254128a4dafe4) Importer(815301076,1909f56bfc062723c751e8b465ee728b)  -> (artifact id: 'd2523f6661e98e5c3000573368c33b1a') in 0.152055 seconds
  Import took 0.157083 seconds .

========================================================================
Received Import Request.
  Time since last request: 34.259023 seconds.
  path: Assets/Environment/Environment.prefab
  artifactKey: Guid(f67e96d2f019f80448a254128a4dafe4) Importer(815301076,1909f56bfc062723c751e8b465ee728b)
Start importing Assets/Environment/Environment.prefab using Guid(f67e96d2f019f80448a254128a4dafe4) Importer(815301076,1909f56bfc062723c751e8b465ee728b)  -> (artifact id: '93d9003cf6e667cd1eef4dcdb5a6c005') in 0.094435 seconds
  Import took 0.099855 seconds .

========================================================================
Received Import Request.
  Time since last request: 0.342225 seconds.
  path: Assets/Environment/Environment.prefab
  artifactKey: Guid(f67e96d2f019f80448a254128a4dafe4) Importer(815301076,1909f56bfc062723c751e8b465ee728b)
Start importing Assets/Environment/Environment.prefab using Guid(f67e96d2f019f80448a254128a4dafe4) Importer(815301076,1909f56bfc062723c751e8b465ee728b)  -> (artifact id: 'ee196e85f2a02aa7efebd9b3b4a0fb3e') in 0.080864 seconds
  Import took 0.085629 seconds .

========================================================================
Received Import Request.
  Time since last request: 0.970950 seconds.
  path: Assets/Environment/Environment.prefab
  artifactKey: Guid(f67e96d2f019f80448a254128a4dafe4) Importer(815301076,1909f56bfc062723c751e8b465ee728b)
Start importing Assets/Environment/Environment.prefab using Guid(f67e96d2f019f80448a254128a4dafe4) Importer(815301076,1909f56bfc062723c751e8b465ee728b)  -> (artifact id: '00000000000000000000000000000000') in 0.088824 seconds
  ERROR: Build asset version error: assets/environment/environment.prefab in SourceAssetDB has modification time of '2021-04-03T13:15:13.4594955Z' while content on disk has modification time of '2021-04-03T13:15:13.7138714Z'
  Import took 0.091141 seconds .

========================================================================
Received Import Request.
  Time since last request: 0.176362 seconds.
  path: Assets/Environment/Environment.prefab
  artifactKey: Guid(f67e96d2f019f80448a254128a4dafe4) Importer(815301076,1909f56bfc062723c751e8b465ee728b)
Start importing Assets/Environment/Environment.prefab using Guid(f67e96d2f019f80448a254128a4dafe4) Importer(815301076,1909f56bfc062723c751e8b465ee728b)  -> (artifact id: '7b0bd5e2989611770d3eaf2339b6b998') in 0.085157 seconds
  Import took 0.089967 seconds .

========================================================================
Received Import Request.
  Time since last request: 0.976326 seconds.
  path: Assets/Environment/Environment.prefab
  artifactKey: Guid(f67e96d2f019f80448a254128a4dafe4) Importer(815301076,1909f56bfc062723c751e8b465ee728b)
Start importing Assets/Environment/Environment.prefab using Guid(f67e96d2f019f80448a254128a4dafe4) Importer(815301076,1909f56bfc062723c751e8b465ee728b)  -> (artifact id: 'b376e7f92a5fffbf0074c08b3656314b') in 0.089307 seconds
  Import took 0.110917 seconds .

========================================================================
Received Import Request.
  Time since last request: 10.606448 seconds.
  path: Assets/Environment/Environment.prefab
  artifactKey: Guid(f67e96d2f019f80448a254128a4dafe4) Importer(815301076,1909f56bfc062723c751e8b465ee728b)
Start importing Assets/Environment/Environment.prefab using Guid(f67e96d2f019f80448a254128a4dafe4) Importer(815301076,1909f56bfc062723c751e8b465ee728b)  -> (artifact id: 'ef4fb42abfba9e45ce3e31a566dd3978') in 0.088886 seconds
  Import took 0.094039 seconds .

========================================================================
Received Import Request.
  Time since last request: 1.180112 seconds.
  path: Assets/Environment/Environment.prefab
  artifactKey: Guid(f67e96d2f019f80448a254128a4dafe4) Importer(815301076,1909f56bfc062723c751e8b465ee728b)
Start importing Assets/Environment/Environment.prefab using Guid(f67e96d2f019f80448a254128a4dafe4) Importer(815301076,1909f56bfc062723c751e8b465ee728b)  -> (artifact id: '00000000000000000000000000000000') in 0.085652 seconds
  ERROR: Build asset version error: assets/environment/environment.prefab in SourceAssetDB has modification time of '2021-04-03T13:15:26.7702477Z' while content on disk has modification time of '2021-04-03T13:15:27.0397276Z'
  Import took 0.087969 seconds .

========================================================================
Received Import Request.
  Time since last request: 0.193331 seconds.
  path: Assets/Environment/Environment.prefab
  artifactKey: Guid(f67e96d2f019f80448a254128a4dafe4) Importer(815301076,1909f56bfc062723c751e8b465ee728b)
Start importing Assets/Environment/Environment.prefab using Guid(f67e96d2f019f80448a254128a4dafe4) Importer(815301076,1909f56bfc062723c751e8b465ee728b)  -> (artifact id: '96e9519b9bf0760e5c40249a7121e7d8') in 0.084146 seconds
  Import took 0.089048 seconds .

========================================================================
Received Import Request.
  Time since last request: 0.764784 seconds.
  path: Assets/Environment/Environment.prefab
  artifactKey: Guid(f67e96d2f019f80448a254128a4dafe4) Importer(815301076,1909f56bfc062723c751e8b465ee728b)
Start importing Assets/Environment/Environment.prefab using Guid(f67e96d2f019f80448a254128a4dafe4) Importer(815301076,1909f56bfc062723c751e8b465ee728b)  -> (artifact id: '1ee909c19ceb4b2c2566bb96afa2874c') in 0.094529 seconds
  Import took 0.099536 seconds .

========================================================================
Received Import Request.
  Time since last request: 3.183232 seconds.
  path: Assets/Environment/Environment.prefab
  artifactKey: Guid(f67e96d2f019f80448a254128a4dafe4) Importer(815301076,1909f56bfc062723c751e8b465ee728b)
Start importing Assets/Environment/Environment.prefab using Guid(f67e96d2f019f80448a254128a4dafe4) Importer(815301076,1909f56bfc062723c751e8b465ee728b)  -> (artifact id: '2dee677b89c79236ee1638e9d08d680c') in 0.083322 seconds
  Import took 0.088121 seconds .

========================================================================
Received Import Request.
  Time since last request: 1.596437 seconds.
  path: Assets/Environment/Environment.prefab
  artifactKey: Guid(f67e96d2f019f80448a254128a4dafe4) Importer(815301076,1909f56bfc062723c751e8b465ee728b)
Start importing Assets/Environment/Environment.prefab using Guid(f67e96d2f019f80448a254128a4dafe4) Importer(815301076,1909f56bfc062723c751e8b465ee728b)  -> (artifact id: '7dc5818f8e5d2fb7621691bc4c0a147a') in 0.083985 seconds
  Import took 0.106803 seconds .

========================================================================
Received Import Request.
  Time since last request: 1.171089 seconds.
  path: Assets/Environment/Environment.prefab
  artifactKey: Guid(f67e96d2f019f80448a254128a4dafe4) Importer(815301076,1909f56bfc062723c751e8b465ee728b)
Start importing Assets/Environment/Environment.prefab using Guid(f67e96d2f019f80448a254128a4dafe4) Importer(815301076,1909f56bfc062723c751e8b465ee728b)  -> (artifact id: '76331f9bf65bf0a4eedf3821619e9cfb') in 0.097574 seconds
  Import took 0.102863 seconds .

========================================================================
Received Import Request.
  Time since last request: 1.149585 seconds.
  path: Assets/Environment/Environment.prefab
  artifactKey: Guid(f67e96d2f019f80448a254128a4dafe4) Importer(815301076,1909f56bfc062723c751e8b465ee728b)
Start importing Assets/Environment/Environment.prefab using Guid(f67e96d2f019f80448a254128a4dafe4) Importer(815301076,1909f56bfc062723c751e8b465ee728b)  -> (artifact id: '745646cdb77c296b7c2138e7f3b38c03') in 0.083697 seconds
  Import took 0.088502 seconds .

========================================================================
Received Import Request.
  Time since last request: 0.764588 seconds.
  path: Assets/Environment/Environment.prefab
  artifactKey: Guid(f67e96d2f019f80448a254128a4dafe4) Importer(815301076,1909f56bfc062723c751e8b465ee728b)
Start importing Assets/Environment/Environment.prefab using Guid(f67e96d2f019f80448a254128a4dafe4) Importer(815301076,1909f56bfc062723c751e8b465ee728b)  -> (artifact id: '37f99f58ebca219c409ad76e8c9f7c7d') in 0.091700 seconds
  Import took 0.096951 seconds .

========================================================================
Received Import Request.
  Time since last request: 0.815400 seconds.
  path: Assets/Environment/Environment.prefab
  artifactKey: Guid(f67e96d2f019f80448a254128a4dafe4) Importer(815301076,1909f56bfc062723c751e8b465ee728b)
Start importing Assets/Environment/Environment.prefab using Guid(f67e96d2f019f80448a254128a4dafe4) Importer(815301076,1909f56bfc062723c751e8b465ee728b)  -> (artifact id: '9c51339ce58f4e212d1261051c358bca') in 0.084216 seconds
  Import took 0.088988 seconds .

========================================================================
Received Import Request.
  Time since last request: 0.964719 seconds.
  path: Assets/Environment/Environment.prefab
  artifactKey: Guid(f67e96d2f019f80448a254128a4dafe4) Importer(815301076,1909f56bfc062723c751e8b465ee728b)
Start importing Assets/Environment/Environment.prefab using Guid(f67e96d2f019f80448a254128a4dafe4) Importer(815301076,1909f56bfc062723c751e8b465ee728b)  -> (artifact id: '39f83f42c66f136d408fa2d596e9cfa4') in 0.096918 seconds
  Import took 0.146159 seconds .

========================================================================
Received Prepare
Registering precompiled user dll's ...
Registered in 0.000385 seconds.
Begin MonoManager ReloadAssembly
Native extension for WindowsStandalone target not found
Native extension for WebGL target not found
Refreshing native plugins compatible for Editor in 0.19 ms, found 0 plugins.
Preloading 0 native plugins for Editor in 0.00 ms.
Invoked RoslynAnalysisRunner static constructor.
RoslynAnalysisRunner will not be running.
RoslynAnalysisRunner has terminated.
Mono: successfully reloaded assembly
- Completed reload, in  0.552 seconds
Platform modules already initialized, skipping
Refreshing native plugins compatible for Editor in 0.17 ms, found 0 plugins.
Preloading 0 native plugins for Editor in 0.00 ms.
Unloading 1117 Unused Serialized files (Serialized files now loaded: 0)
System memory in use before: 64.7 MB.
System memory in use after: 64.8 MB.

Unloading 5 unused Assets to reduce memory usage. Loaded Objects now: 1649.
Total: 1.504200 ms (FindLiveObjects: 0.178100 ms CreateObjectMapping: 0.040200 ms MarkObjects: 1.248200 ms  DeleteObjects: 0.036700 ms)

========================================================================
Received Prepare
Registering precompiled user dll's ...
Registered in 0.000307 seconds.
Begin MonoManager ReloadAssembly
Native extension for WindowsStandalone target not found
Native extension for WebGL target not found
Refreshing native plugins compatible for Editor in 0.19 ms, found 0 plugins.
Preloading 0 native plugins for Editor in 0.00 ms.
Invoked RoslynAnalysisRunner static constructor.
RoslynAnalysisRunner will not be running.
RoslynAnalysisRunner has terminated.
Mono: successfully reloaded assembly
- Completed reload, in  0.558 seconds
Platform modules already initialized, skipping
Refreshing native plugins compatible for Editor in 0.18 ms, found 0 plugins.
Preloading 0 native plugins for Editor in 0.00 ms.
Unloading 1117 Unused Serialized files (Serialized files now loaded: 0)
System memory in use before: 64.7 MB.
System memory in use after: 64.8 MB.

Unloading 5 unused Assets to reduce memory usage. Loaded Objects now: 1652.
Total: 1.668900 ms (FindLiveObjects: 0.235700 ms CreateObjectMapping: 0.034800 ms MarkObjects: 1.351000 ms  DeleteObjects: 0.046300 ms)

========================================================================
Received Prepare
Registering precompiled user dll's ...
Registered in 0.000338 seconds.
Begin MonoManager ReloadAssembly
Native extension for WindowsStandalone target not found
Native extension for WebGL target not found
Refreshing native plugins compatible for Editor in 0.18 ms, found 0 plugins.
Preloading 0 native plugins for Editor in 0.00 ms.
Invoked RoslynAnalysisRunner static constructor.
RoslynAnalysisRunner will not be running.
RoslynAnalysisRunner has terminated.
Mono: successfully reloaded assembly
- Completed reload, in  0.567 seconds
Platform modules already initialized, skipping
Refreshing native plugins compatible for Editor in 0.20 ms, found 0 plugins.
Preloading 0 native plugins for Editor in 0.00 ms.
Unloading 1117 Unused Serialized files (Serialized files now loaded: 0)
System memory in use before: 64.7 MB.
System memory in use after: 64.8 MB.

Unloading 5 unused Assets to reduce memory usage. Loaded Objects now: 1655.
Total: 1.537400 ms (FindLiveObjects: 0.296600 ms CreateObjectMapping: 0.043000 ms MarkObjects: 1.153200 ms  DeleteObjects: 0.043600 ms)

========================================================================
Received Prepare
Registering precompiled user dll's ...
Registered in 0.000300 seconds.
Begin MonoManager ReloadAssembly
Native extension for WindowsStandalone target not found
Native extension for WebGL target not found
Refreshing native plugins compatible for Editor in 0.18 ms, found 0 plugins.
Preloading 0 native plugins for Editor in 0.00 ms.
Invoked RoslynAnalysisRunner static constructor.
RoslynAnalysisRunner will not be running.
RoslynAnalysisRunner has terminated.
Mono: successfully reloaded assembly
- Completed reload, in  0.550 seconds
Platform modules already initialized, skipping
Refreshing native plugins compatible for Editor in 0.16 ms, found 0 plugins.
Preloading 0 native plugins for Editor in 0.00 ms.
Unloading 1117 Unused Serialized files (Serialized files now loaded: 0)
System memory in use before: 64.6 MB.
System memory in use after: 64.7 MB.

Unloading 5 unused Assets to reduce memory usage. Loaded Objects now: 1658.
Total: 1.450000 ms (FindLiveObjects: 0.151600 ms CreateObjectMapping: 0.036100 ms MarkObjects: 1.226000 ms  DeleteObjects: 0.035700 ms)

========================================================================
Received Prepare
Refreshing native plugins compatible for Editor in 0.51 ms, found 0 plugins.
Preloading 0 native plugins for Editor in 0.00 ms.
Unloading 3 Unused Serialized files (Serialized files now loaded: 0)
System memory in use before: 42.6 MB.
System memory in use after: 42.7 MB.

Unloading 3 unused Assets to reduce memory usage. Loaded Objects now: 1658.
Total: 1.399100 ms (FindLiveObjects: 0.173900 ms CreateObjectMapping: 0.054800 ms MarkObjects: 1.127000 ms  DeleteObjects: 0.042400 ms)

========================================================================
Received Prepare
Registering precompiled user dll's ...
Registered in 0.000306 seconds.
Begin MonoManager ReloadAssembly
Native extension for WindowsStandalone target not found
Native extension for WebGL target not found
Refreshing native plugins compatible for Editor in 0.21 ms, found 0 plugins.
Preloading 0 native plugins for Editor in 0.00 ms.
Invoked RoslynAnalysisRunner static constructor.
RoslynAnalysisRunner will not be running.
RoslynAnalysisRunner has terminated.
Mono: successfully reloaded assembly
- Completed reload, in  0.552 seconds
Platform modules already initialized, skipping
Refreshing native plugins compatible for Editor in 0.18 ms, found 0 plugins.
Preloading 0 native plugins for Editor in 0.00 ms.
Unloading 1117 Unused Serialized files (Serialized files now loaded: 0)
System memory in use before: 64.7 MB.
System memory in use after: 64.8 MB.

Unloading 5 unused Assets to reduce memory usage. Loaded Objects now: 1661.
Total: 1.610900 ms (FindLiveObjects: 0.185400 ms CreateObjectMapping: 0.036900 ms MarkObjects: 1.342200 ms  DeleteObjects: 0.045000 ms)

========================================================================
Received Prepare
Registering precompiled user dll's ...
Registered in 0.000480 seconds.
Begin MonoManager ReloadAssembly
Native extension for WindowsStandalone target not found
Native extension for WebGL target not found
Refreshing native plugins compatible for Editor in 0.23 ms, found 0 plugins.
Preloading 0 native plugins for Editor in 0.00 ms.
Invoked RoslynAnalysisRunner static constructor.
RoslynAnalysisRunner will not be running.
RoslynAnalysisRunner has terminated.
Mono: successfully reloaded assembly
- Completed reload, in  0.558 seconds
Platform modules already initialized, skipping
Refreshing native plugins compatible for Editor in 0.18 ms, found 0 plugins.
Preloading 0 native plugins for Editor in 0.00 ms.
Unloading 1117 Unused Serialized files (Serialized files now loaded: 0)
System memory in use before: 64.7 MB.
System memory in use after: 64.8 MB.

Unloading 5 unused Assets to reduce memory usage. Loaded Objects now: 1664.
Total: 1.377000 ms (FindLiveObjects: 0.143500 ms CreateObjectMapping: 0.032900 ms MarkObjects: 1.164000 ms  DeleteObjects: 0.035800 ms)

========================================================================
Received Import Request.
  Time since last request: 640.200974 seconds.
  path: Assets/Environment/Environment.prefab
  artifactKey: Guid(f67e96d2f019f80448a254128a4dafe4) Importer(815301076,1909f56bfc062723c751e8b465ee728b)
Start importing Assets/Environment/Environment.prefab using Guid(f67e96d2f019f80448a254128a4dafe4) Importer(815301076,1909f56bfc062723c751e8b465ee728b)  -> (artifact id: '48cf1c5f905f855d9d2901991a62687a') in 0.152613 seconds
  Import took 0.172354 seconds .

========================================================================
Received Prepare
Registering precompiled user dll's ...
Registered in 0.000378 seconds.
Begin MonoManager ReloadAssembly
Native extension for WindowsStandalone target not found
Native extension for WebGL target not found
Refreshing native plugins compatible for Editor in 0.19 ms, found 0 plugins.
Preloading 0 native plugins for Editor in 0.00 ms.
Invoked RoslynAnalysisRunner static constructor.
RoslynAnalysisRunner will not be running.
RoslynAnalysisRunner has terminated.
Mono: successfully reloaded assembly
- Completed reload, in  0.558 seconds
Platform modules already initialized, skipping
Refreshing native plugins compatible for Editor in 0.18 ms, found 0 plugins.
Preloading 0 native plugins for Editor in 0.00 ms.
Unloading 1117 Unused Serialized files (Serialized files now loaded: 0)
System memory in use before: 64.9 MB.
System memory in use after: 64.9 MB.

Unloading 5 unused Assets to reduce memory usage. Loaded Objects now: 1668.
Total: 1.263400 ms (FindLiveObjects: 0.108600 ms CreateObjectMapping: 0.027300 ms MarkObjects: 1.089100 ms  DeleteObjects: 0.037600 ms)

========================================================================
Received Import Request.
  Time since last request: 10.879118 seconds.
  path: Assets/Environment/Environment.prefab
  artifactKey: Guid(f67e96d2f019f80448a254128a4dafe4) Importer(815301076,1909f56bfc062723c751e8b465ee728b)
Start importing Assets/Environment/Environment.prefab using Guid(f67e96d2f019f80448a254128a4dafe4) Importer(815301076,1909f56bfc062723c751e8b465ee728b)  -> (artifact id: 'd322f4cdedc3fa0a1b4909c61ffcfb87') in 0.148440 seconds
  Import took 0.153462 seconds .

========================================================================
Received Import Request.
  Time since last request: 0.967984 seconds.
  path: Assets/Environment/Environment.prefab
  artifactKey: Guid(f67e96d2f019f80448a254128a4dafe4) Importer(815301076,1909f56bfc062723c751e8b465ee728b)
Start importing Assets/Environment/Environment.prefab using Guid(f67e96d2f019f80448a254128a4dafe4) Importer(815301076,1909f56bfc062723c751e8b465ee728b)  -> (artifact id: 'd7350481cdd59a46e337117220df4aa2') in 0.089801 seconds
  Import took 0.094864 seconds .

========================================================================
Received Import Request.
  Time since last request: 1.989820 seconds.
  path: Assets/Environment/Environment.prefab
  artifactKey: Guid(f67e96d2f019f80448a254128a4dafe4) Importer(815301076,1909f56bfc062723c751e8b465ee728b)
Start importing Assets/Environment/Environment.prefab using Guid(f67e96d2f019f80448a254128a4dafe4) Importer(815301076,1909f56bfc062723c751e8b465ee728b)  -> (artifact id: '38ddb96d7dc1b2f32814a71030a42e44') in 0.087488 seconds
  Import took 0.092702 seconds .

========================================================================
Received Import Request.
  Time since last request: 1.579346 seconds.
  path: Assets/Environment/Environment.prefab
  artifactKey: Guid(f67e96d2f019f80448a254128a4dafe4) Importer(815301076,1909f56bfc062723c751e8b465ee728b)
Start importing Assets/Environment/Environment.prefab using Guid(f67e96d2f019f80448a254128a4dafe4) Importer(815301076,1909f56bfc062723c751e8b465ee728b)  -> (artifact id: 'f4bb36c8917c5cedff3425c45a493daf') in 0.090203 seconds
  Import took 0.142976 seconds .

========================================================================
Received Import Request.
  Time since last request: 3.576601 seconds.
  path: Assets/Environment/Environment.prefab
  artifactKey: Guid(f67e96d2f019f80448a254128a4dafe4) Importer(815301076,1909f56bfc062723c751e8b465ee728b)
Start importing Assets/Environment/Environment.prefab using Guid(f67e96d2f019f80448a254128a4dafe4) Importer(815301076,1909f56bfc062723c751e8b465ee728b)  -> (artifact id: 'c83fa3a8a53999355b88f113b7f9dbcf') in 0.089207 seconds
  Import took 0.094454 seconds .

========================================================================
Received Import Request.
  Time since last request: 2.186674 seconds.
  path: Assets/Environment/Environment.prefab
  artifactKey: Guid(f67e96d2f019f80448a254128a4dafe4) Importer(815301076,1909f56bfc062723c751e8b465ee728b)
Start importing Assets/Environment/Environment.prefab using Guid(f67e96d2f019f80448a254128a4dafe4) Importer(815301076,1909f56bfc062723c751e8b465ee728b)  -> (artifact id: '69d0ceadb3840146eebf788c7e7f67e4') in 0.087414 seconds
  Import took 0.092492 seconds .

========================================================================
Received Import Request.
  Time since last request: 2.389355 seconds.
  path: Assets/Environment/Environment.prefab
  artifactKey: Guid(f67e96d2f019f80448a254128a4dafe4) Importer(815301076,1909f56bfc062723c751e8b465ee728b)
Start importing Assets/Environment/Environment.prefab using Guid(f67e96d2f019f80448a254128a4dafe4) Importer(815301076,1909f56bfc062723c751e8b465ee728b)  -> (artifact id: '20c3d260716af6452a285eb3a15d6e78') in 0.092906 seconds
  Import took 0.097962 seconds .

========================================================================
Received Import Request.
  Time since last request: 2.589227 seconds.
  path: Assets/Environment/Environment.prefab
  artifactKey: Guid(f67e96d2f019f80448a254128a4dafe4) Importer(815301076,1909f56bfc062723c751e8b465ee728b)
Start importing Assets/Environment/Environment.prefab using Guid(f67e96d2f019f80448a254128a4dafe4) Importer(815301076,1909f56bfc062723c751e8b465ee728b)  -> (artifact id: 'a7c5f5368adc7ac79db53dd4ced958aa') in 0.086287 seconds
  Import took 0.091329 seconds .

========================================================================
Received Import Request.
  Time since last request: 2.791570 seconds.
  path: Assets/Environment/Environment.prefab
  artifactKey: Guid(f67e96d2f019f80448a254128a4dafe4) Importer(815301076,1909f56bfc062723c751e8b465ee728b)
Start importing Assets/Environment/Environment.prefab using Guid(f67e96d2f019f80448a254128a4dafe4) Importer(815301076,1909f56bfc062723c751e8b465ee728b)  -> (artifact id: '91ea43310501ba6dc1a8e95f8e0157bd') in 0.090306 seconds
  Import took 0.112694 seconds .

========================================================================
Received Import Request.
  Time since last request: 2.788927 seconds.
  path: Assets/Environment/Environment.prefab
  artifactKey: Guid(f67e96d2f019f80448a254128a4dafe4) Importer(815301076,1909f56bfc062723c751e8b465ee728b)
Start importing Assets/Environment/Environment.prefab using Guid(f67e96d2f019f80448a254128a4dafe4) Importer(815301076,1909f56bfc062723c751e8b465ee728b)  -> (artifact id: 'd0e2c956cc9d2c3c498e4f4947ef58cf') in 0.092327 seconds
  Import took 0.097439 seconds .

========================================================================
Received Import Request.
  Time since last request: 4.441908 seconds.
  path: Assets/Environment/Environment.prefab
  artifactKey: Guid(f67e96d2f019f80448a254128a4dafe4) Importer(815301076,1909f56bfc062723c751e8b465ee728b)
Start importing Assets/Environment/Environment.prefab using Guid(f67e96d2f019f80448a254128a4dafe4) Importer(815301076,1909f56bfc062723c751e8b465ee728b)  -> (artifact id: 'a82862cb79e19f1f101ba2a9ce0f4724') in 0.123821 seconds
  Import took 0.131036 seconds .

========================================================================
Received Import Request.
  Time since last request: 1.751351 seconds.
  path: Assets/Environment/Environment.prefab
  artifactKey: Guid(f67e96d2f019f80448a254128a4dafe4) Importer(815301076,1909f56bfc062723c751e8b465ee728b)
Start importing Assets/Environment/Environment.prefab using Guid(f67e96d2f019f80448a254128a4dafe4) Importer(815301076,1909f56bfc062723c751e8b465ee728b)  -> (artifact id: '30e205e1637d59c1ec51c59bb694cc58') in 0.088723 seconds
  Import took 0.093846 seconds .

========================================================================
Received Import Request.
  Time since last request: 1.584644 seconds.
  path: Assets/Environment/Environment.prefab
  artifactKey: Guid(f67e96d2f019f80448a254128a4dafe4) Importer(815301076,1909f56bfc062723c751e8b465ee728b)
Start importing Assets/Environment/Environment.prefab using Guid(f67e96d2f019f80448a254128a4dafe4) Importer(815301076,1909f56bfc062723c751e8b465ee728b)  -> (artifact id: '1ab8433c773240288a3c8483a8a6832b') in 0.086794 seconds
  Import took 0.102657 seconds .

========================================================================
Received Import Request.
  Time since last request: 2.599785 seconds.
  path: Assets/Environment/Environment.prefab
  artifactKey: Guid(f67e96d2f019f80448a254128a4dafe4) Importer(815301076,1909f56bfc062723c751e8b465ee728b)
Start importing Assets/Environment/Environment.prefab using Guid(f67e96d2f019f80448a254128a4dafe4) Importer(815301076,1909f56bfc062723c751e8b465ee728b)  -> (artifact id: '330ef0a640502ff3941156e985dc4de9') in 0.088825 seconds
  Import took 0.094207 seconds .

========================================================================
Received Import Request.
  Time since last request: 2.992334 seconds.
  path: Assets/Environment/Environment.prefab
  artifactKey: Guid(f67e96d2f019f80448a254128a4dafe4) Importer(815301076,1909f56bfc062723c751e8b465ee728b)
Start importing Assets/Environment/Environment.prefab using Guid(f67e96d2f019f80448a254128a4dafe4) Importer(815301076,1909f56bfc062723c751e8b465ee728b)  -> (artifact id: '9e28a4f15f60c53499d9b687a0d616e6') in 0.086440 seconds
  Import took 0.091508 seconds .

========================================================================
Received Import Request.
  Time since last request: 2.392361 seconds.
  path: Assets/Environment/Environment.prefab
  artifactKey: Guid(f67e96d2f019f80448a254128a4dafe4) Importer(815301076,1909f56bfc062723c751e8b465ee728b)
Start importing Assets/Environment/Environment.prefab using Guid(f67e96d2f019f80448a254128a4dafe4) Importer(815301076,1909f56bfc062723c751e8b465ee728b)  -> (artifact id: 'b869c6b5a32cebef067a57e8ed547bad') in 0.094967 seconds
  Import took 0.100117 seconds .

========================================================================
Received Import Request.
  Time since last request: 2.171441 seconds.
  path: Assets/Environment/Environment.prefab
  artifactKey: Guid(f67e96d2f019f80448a254128a4dafe4) Importer(815301076,1909f56bfc062723c751e8b465ee728b)
Start importing Assets/Environment/Environment.prefab using Guid(f67e96d2f019f80448a254128a4dafe4) Importer(815301076,1909f56bfc062723c751e8b465ee728b)  -> (artifact id: 'f7d63e16ed833c3e7629f0aefbc27114') in 0.086081 seconds
  Import took 0.098483 seconds .

========================================================================
Received Import Request.
  Time since last request: 2.032083 seconds.
  path: Assets/Environment/Environment.prefab
  artifactKey: Guid(f67e96d2f019f80448a254128a4dafe4) Importer(815301076,1909f56bfc062723c751e8b465ee728b)
Start importing Assets/Environment/Environment.prefab using Guid(f67e96d2f019f80448a254128a4dafe4) Importer(815301076,1909f56bfc062723c751e8b465ee728b)  -> (artifact id: '2ae258a1f7a19c01f9461382842e7d2a') in 0.086407 seconds
  Import took 0.091632 seconds .

========================================================================
Received Import Request.
  Time since last request: 4.626568 seconds.
  path: Assets/Environment/Environment.prefab
  artifactKey: Guid(f67e96d2f019f80448a254128a4dafe4) Importer(815301076,1909f56bfc062723c751e8b465ee728b)
Start importing Assets/Environment/Environment.prefab using Guid(f67e96d2f019f80448a254128a4dafe4) Importer(815301076,1909f56bfc062723c751e8b465ee728b)  -> (artifact id: 'e7cbf1c40dbb4d1bd8ab6df9f14750bc') in 0.091377 seconds
  Import took 0.096347 seconds .

========================================================================
Received Import Request.
  Time since last request: 2.411966 seconds.
  path: Assets/Environment/Environment.prefab
  artifactKey: Guid(f67e96d2f019f80448a254128a4dafe4) Importer(815301076,1909f56bfc062723c751e8b465ee728b)
Start importing Assets/Environment/Environment.prefab using Guid(f67e96d2f019f80448a254128a4dafe4) Importer(815301076,1909f56bfc062723c751e8b465ee728b)  -> (artifact id: '3a9e1982a753d1f5ce1b976cbe9af245') in 0.090889 seconds
  Import took 0.096028 seconds .

========================================================================
Received Import Request.
  Time since last request: 2.189311 seconds.
  path: Assets/Environment/Environment.prefab
  artifactKey: Guid(f67e96d2f019f80448a254128a4dafe4) Importer(815301076,1909f56bfc062723c751e8b465ee728b)
Start importing Assets/Environment/Environment.prefab using Guid(f67e96d2f019f80448a254128a4dafe4) Importer(815301076,1909f56bfc062723c751e8b465ee728b)  -> (artifact id: '0b9abd9badcf752b899f79088518e510') in 0.088672 seconds
  Import took 0.093930 seconds .

========================================================================
Received Import Request.
  Time since last request: 6.836105 seconds.
  path: Assets/Environment/Environment.prefab
  artifactKey: Guid(f67e96d2f019f80448a254128a4dafe4) Importer(815301076,1909f56bfc062723c751e8b465ee728b)
Start importing Assets/Environment/Environment.prefab using Guid(f67e96d2f019f80448a254128a4dafe4) Importer(815301076,1909f56bfc062723c751e8b465ee728b)  -> (artifact id: '84d224581b313138b48b46d64a624115') in 0.087778 seconds
  Import took 0.092935 seconds .

========================================================================
Received Prepare
Registering precompiled user dll's ...
Registered in 0.000339 seconds.
Begin MonoManager ReloadAssembly
Native extension for WindowsStandalone target not found
Native extension for WebGL target not found
Refreshing native plugins compatible for Editor in 0.19 ms, found 0 plugins.
Preloading 0 native plugins for Editor in 0.00 ms.
Invoked RoslynAnalysisRunner static constructor.
RoslynAnalysisRunner will not be running.
RoslynAnalysisRunner has terminated.
Mono: successfully reloaded assembly
- Completed reload, in  0.672 seconds
Platform modules already initialized, skipping
Refreshing native plugins compatible for Editor in 0.20 ms, found 0 plugins.
Preloading 0 native plugins for Editor in 0.00 ms.
Unloading 1117 Unused Serialized files (Serialized files now loaded: 0)
System memory in use before: 66.5 MB.
System memory in use after: 66.6 MB.

Unloading 5 unused Assets to reduce memory usage. Loaded Objects now: 1672.
Total: 1.533200 ms (FindLiveObjects: 0.133400 ms CreateObjectMapping: 0.030400 ms MarkObjects: 1.322800 ms  DeleteObjects: 0.045700 ms)

========================================================================
Received Prepare
Refreshing native plugins compatible for Editor in 0.45 ms, found 0 plugins.
Preloading 0 native plugins for Editor in 0.00 ms.
Unloading 3 Unused Serialized files (Serialized files now loaded: 0)
System memory in use before: 44.4 MB.
System memory in use after: 44.5 MB.

Unloading 3 unused Assets to reduce memory usage. Loaded Objects now: 1672.
Total: 1.726300 ms (FindLiveObjects: 0.225200 ms CreateObjectMapping: 0.061000 ms MarkObjects: 1.392100 ms  DeleteObjects: 0.047100 ms)

========================================================================
Received Prepare
Registering precompiled user dll's ...
Registered in 0.000291 seconds.
Begin MonoManager ReloadAssembly
Native extension for WindowsStandalone target not found
Native extension for WebGL target not found
Refreshing native plugins compatible for Editor in 0.19 ms, found 0 plugins.
Preloading 0 native plugins for Editor in 0.00 ms.
Invoked RoslynAnalysisRunner static constructor.
RoslynAnalysisRunner will not be running.
RoslynAnalysisRunner has terminated.
Mono: successfully reloaded assembly
- Completed reload, in  0.555 seconds
Platform modules already initialized, skipping
Refreshing native plugins compatible for Editor in 0.19 ms, found 0 plugins.
Preloading 0 native plugins for Editor in 0.00 ms.
Unloading 1117 Unused Serialized files (Serialized files now loaded: 0)
System memory in use before: 66.5 MB.
System memory in use after: 66.6 MB.

Unloading 5 unused Assets to reduce memory usage. Loaded Objects now: 1675.
Total: 1.483800 ms (FindLiveObjects: 0.139300 ms CreateObjectMapping: 0.032500 ms MarkObjects: 1.263800 ms  DeleteObjects: 0.047200 ms)

========================================================================
Received Prepare
Registering precompiled user dll's ...
Registered in 0.000334 seconds.
Begin MonoManager ReloadAssembly
Native extension for WindowsStandalone target not found
Native extension for WebGL target not found
Refreshing native plugins compatible for Editor in 0.18 ms, found 0 plugins.
Preloading 0 native plugins for Editor in 0.00 ms.
Invoked RoslynAnalysisRunner static constructor.
RoslynAnalysisRunner will not be running.
RoslynAnalysisRunner has terminated.
Mono: successfully reloaded assembly
- Completed reload, in  0.559 seconds
Platform modules already initialized, skipping
Refreshing native plugins compatible for Editor in 0.18 ms, found 0 plugins.
Preloading 0 native plugins for Editor in 0.00 ms.
Unloading 1117 Unused Serialized files (Serialized files now loaded: 0)
System memory in use before: 66.5 MB.
System memory in use after: 66.6 MB.

Unloading 5 unused Assets to reduce memory usage. Loaded Objects now: 1678.
Total: 1.472000 ms (FindLiveObjects: 0.190700 ms CreateObjectMapping: 0.029900 ms MarkObjects: 1.210700 ms  DeleteObjects: 0.039600 ms)

